Initializing document watcher...
Detected change in configuration: {}
LaravelReactJsSample/resources/views/welcome.blade.php: {"insertSpaces":true,"tabSize":4}
LaravelReactJsSample/resources/views/welcome.blade.php: Using EditorConfig core...
resources/views/welcome.blade.php: setEndOfLine(LF)
resources/views/welcome.blade.php: editor.action.trimTrailingWhitespace
LaravelReactJsSample/resources/views/welcome.blade.php: Using EditorConfig core...
resources/views/welcome.blade.php: setEndOfLine(LF)
resources/views/welcome.blade.php: editor.action.trimTrailingWhitespace
LaravelReactJsSample/resources/views/welcome.blade.php: Using EditorConfig core...
resources/views/welcome.blade.php: setEndOfLine(LF)
resources/views/welcome.blade.php: editor.action.trimTrailingWhitespace
LaravelReactJsSample/resources/views/welcome.blade.php: Using EditorConfig core...
resources/views/welcome.blade.php: setEndOfLine(LF)
resources/views/welcome.blade.php: editor.action.trimTrailingWhitespace
LaravelReactJsSample/resources/views/welcome.blade.php: Using EditorConfig core...
resources/views/welcome.blade.php: setEndOfLine(LF)
resources/views/welcome.blade.php: editor.action.trimTrailingWhitespace
LaravelReactJsSample/resources/views/welcome.blade.php: {"insertSpaces":true,"tabSize":4}
LaravelReactJsSample/resources/views/welcome.blade.php: {"insertSpaces":true,"tabSize":4}
LaravelReactJsSample/storage/logs/laravel-2019-07-23.log: {"insertSpaces":true,"tabSize":4}
LaravelReactJsSample/storage/logs/laravel-2019-07-23.log: Using EditorConfig core...
storage/logs/laravel-2019-07-23.log: setEndOfLine(LF)
storage/logs/laravel-2019-07-23.log: editor.action.trimTrailingWhitespace
LaravelReactJsSample/storage/logs/laravel-2019-07-23.log: {"insertSpaces":true,"tabSize":4}
LaravelReactJsSample/storage/logs/laravel-2019-07-23.log: {"insertSpaces":true,"tabSize":4}
LaravelReactJsSample/storage/logs/laravel-2019-07-23.log: Using EditorConfig core...
storage/logs/laravel-2019-07-23.log: setEndOfLine(LF)
storage/logs/laravel-2019-07-23.log: editor.action.trimTrailingWhitespace
LaravelReactJsSample/storage/logs/laravel-2019-07-23.log: Using EditorConfig core...
storage/logs/laravel-2019-07-23.log: setEndOfLine(LF)
storage/logs/laravel-2019-07-23.log: editor.action.trimTrailingWhitespace
LaravelReactJsSample/storage/logs/laravel-2019-07-23.log: Using EditorConfig core...
storage/logs/laravel-2019-07-23.log: setEndOfLine(LF)
storage/logs/laravel-2019-07-23.log: editor.action.trimTrailingWhitespace
LaravelReactJsSample/storage/logs/laravel-2019-07-23.log: Using EditorConfig core...
storage/logs/laravel-2019-07-23.log: setEndOfLine(LF)
storage/logs/laravel-2019-07-23.log: editor.action.trimTrailingWhitespace
LaravelReactJsSample/resources/views/welcome.blade.php: {"insertSpaces":true,"tabSize":4}
LaravelReactJsSample/resources/views/welcome.blade.php: Using EditorConfig core...
resources/views/welcome.blade.php: setEndOfLine(LF)
resources/views/welcome.blade.php: editor.action.trimTrailingWhitespace
LaravelReactJsSample/resources/views/welcome.blade.php: {"insertSpaces":true,"tabSize":4}
LaravelReactJsSample/.env: {"insertSpaces":true,"tabSize":4}
LaravelReactJsSample/.env: {"insertSpaces":true,"tabSize":4}
LaravelReactJsSample/.env: Using EditorConfig core...
.env: setEndOfLine(LF)
.env: editor.action.trimTrailingWhitespace
LaravelReactJsSample/.env: Using EditorConfig core...
.env: setEndOfLine(LF)
.env: editor.action.trimTrailingWhitespace
LaravelReactJsSample/.env: Using EditorConfig core...
.env: setEndOfLine(LF)
.env: editor.action.trimTrailingWhitespace
LaravelReactJsSample/.env: {"insertSpaces":true,"tabSize":4}
LaravelReactJsSample/.env: {"insertSpaces":true,"tabSize":4}
LaravelReactJsSample/.env: {"insertSpaces":true,"tabSize":4}
LaravelReactJsSample/storage/logs/.gitignore: {"insertSpaces":true,"tabSize":4}
LaravelReactJsSample/storage/logs/laravel-2019-07-23.log: {"insertSpaces":true,"tabSize":4}
LaravelReactJsSample/storage/logs/laravel-2019-07-23.log: Using EditorConfig core...
storage/logs/laravel-2019-07-23.log: setEndOfLine(LF)
storage/logs/laravel-2019-07-23.log: editor.action.trimTrailingWhitespace
LaravelReactJsSample/storage/logs/laravel-2019-07-23.log: {"insertSpaces":true,"tabSize":4}
LaravelReactJsSample/.env: {"insertSpaces":true,"tabSize":4}
LaravelReactJsSample/storage/logs/laravel-2019-07-23.log: {"insertSpaces":true,"tabSize":4}
LaravelReactJsSample/storage/logs/.gitignore: {"insertSpaces":true,"tabSize":4}
LaravelReactJsSample/storage/logs/laravel-2019-07-23.log: {"insertSpaces":true,"tabSize":4}
LaravelReactJsSample/resources/views/welcome.blade.php: {"insertSpaces":true,"tabSize":4}
LaravelReactJsSample/storage/logs/laravel-2019-07-23.log: {"insertSpaces":true,"tabSize":4}
LaravelReactJsSample/storage/logs/laravel-2019-07-23.log: {"insertSpaces":true,"tabSize":4}
LaravelReactJsSample/storage/logs/laravel-2019-07-23.log: {"insertSpaces":true,"tabSize":4}
