[2019-07-23 08:43:23.368] [renderer1] [error] Error: Error: ENOENT: no such file or directory, stat '/var/www/laravel/LaravelReactJsSample/.vscode'
[2019-07-23 09:05:02.071] [renderer1] [error] Error: Error: ENOENT: no such file or directory, stat '/var/www/tabione-front/.vscode'
[2019-07-23 09:26:41.563] [renderer1] [error] Error: Error: ENOENT: no such file or directory, stat '/var/www/laravel/LaravelReactJsSample/.vscode'
[2019-07-23 09:26:47.069] [renderer1] [warning] UNRESPONSIVE extension host, 'Zignd.html-css-class-completion' took 97% of 1152.908ms, saved PROFILE here: '/tmp/exthost-b73021.cpuprofile' [{"id":"gc","total":13257,"percentage":1},{"id":"program","total":604,"percentage":0},{"id":"self","total":13867,"percentage":1},{"id":"Zignd.html-css-class-completion","total":1123116,"percentage":97}]
[2019-07-23 09:49:06.902] [renderer1] [error] Unable to move/copy when source path is equal or parent of target path: Error: Unable to move/copy when source path is equal or parent of target path
    at b.<anonymous> (file:///usr/share/code/resources/app/out/vs/workbench/workbench.main.js:3316:930)
    at Generator.next (<anonymous>)
    at file:///usr/share/code/resources/app/out/vs/workbench/workbench.main.js:34:621
    at new Promise (<anonymous>)
    at n (file:///usr/share/code/resources/app/out/vs/workbench/workbench.main.js:34:398)
    at b.doValidateMoveCopy (file:///usr/share/code/resources/app/out/vs/workbench/workbench.main.js:3316:783)
    at b.<anonymous> (file:///usr/share/code/resources/app/out/vs/workbench/workbench.main.js:3315:395)
    at Generator.next (<anonymous>)
    at file:///usr/share/code/resources/app/out/vs/workbench/workbench.main.js:34:621
    at new Promise (<anonymous>)
    at n (file:///usr/share/code/resources/app/out/vs/workbench/workbench.main.js:34:398)
    at b.doMoveCopy (file:///usr/share/code/resources/app/out/vs/workbench/workbench.main.js:3315:320)
    at b.<anonymous> (file:///usr/share/code/resources/app/out/vs/workbench/workbench.main.js:3314:783)
    at Generator.next (<anonymous>)
    at r (file:///usr/share/code/resources/app/out/vs/workbench/workbench.main.js:34:454)
    at process._tickCallback (internal/process/next_tick.js:68:7)
[2019-07-23 09:53:09.354] [renderer1] [error] Unable to move/copy when source path is equal or parent of target path: Error: Unable to move/copy when source path is equal or parent of target path
    at b.<anonymous> (file:///usr/share/code/resources/app/out/vs/workbench/workbench.main.js:3316:930)
    at Generator.next (<anonymous>)
    at file:///usr/share/code/resources/app/out/vs/workbench/workbench.main.js:34:621
    at new Promise (<anonymous>)
    at n (file:///usr/share/code/resources/app/out/vs/workbench/workbench.main.js:34:398)
    at b.doValidateMoveCopy (file:///usr/share/code/resources/app/out/vs/workbench/workbench.main.js:3316:783)
    at b.<anonymous> (file:///usr/share/code/resources/app/out/vs/workbench/workbench.main.js:3315:395)
    at Generator.next (<anonymous>)
    at file:///usr/share/code/resources/app/out/vs/workbench/workbench.main.js:34:621
    at new Promise (<anonymous>)
    at n (file:///usr/share/code/resources/app/out/vs/workbench/workbench.main.js:34:398)
    at b.doMoveCopy (file:///usr/share/code/resources/app/out/vs/workbench/workbench.main.js:3315:320)
    at b.<anonymous> (file:///usr/share/code/resources/app/out/vs/workbench/workbench.main.js:3314:783)
    at Generator.next (<anonymous>)
    at r (file:///usr/share/code/resources/app/out/vs/workbench/workbench.main.js:34:454)
    at process._tickCallback (internal/process/next_tick.js:68:7)
[2019-07-23 09:56:18.932] [renderer1] [error] Unable to move/copy when source path is equal or parent of target path: Error: Unable to move/copy when source path is equal or parent of target path
    at b.<anonymous> (file:///usr/share/code/resources/app/out/vs/workbench/workbench.main.js:3316:930)
    at Generator.next (<anonymous>)
    at file:///usr/share/code/resources/app/out/vs/workbench/workbench.main.js:34:621
    at new Promise (<anonymous>)
    at n (file:///usr/share/code/resources/app/out/vs/workbench/workbench.main.js:34:398)
    at b.doValidateMoveCopy (file:///usr/share/code/resources/app/out/vs/workbench/workbench.main.js:3316:783)
    at b.<anonymous> (file:///usr/share/code/resources/app/out/vs/workbench/workbench.main.js:3315:395)
    at Generator.next (<anonymous>)
    at file:///usr/share/code/resources/app/out/vs/workbench/workbench.main.js:34:621
    at new Promise (<anonymous>)
    at n (file:///usr/share/code/resources/app/out/vs/workbench/workbench.main.js:34:398)
    at b.doMoveCopy (file:///usr/share/code/resources/app/out/vs/workbench/workbench.main.js:3315:320)
    at b.<anonymous> (file:///usr/share/code/resources/app/out/vs/workbench/workbench.main.js:3314:783)
    at Generator.next (<anonymous>)
    at r (file:///usr/share/code/resources/app/out/vs/workbench/workbench.main.js:34:454)
    at process._tickCallback (internal/process/next_tick.js:68:7)
[2019-07-23 10:01:10.670] [renderer1] [error] Unable to move/copy when source path is equal or parent of target path: Error: Unable to move/copy when source path is equal or parent of target path
    at b.<anonymous> (file:///usr/share/code/resources/app/out/vs/workbench/workbench.main.js:3316:930)
    at Generator.next (<anonymous>)
    at file:///usr/share/code/resources/app/out/vs/workbench/workbench.main.js:34:621
    at new Promise (<anonymous>)
    at n (file:///usr/share/code/resources/app/out/vs/workbench/workbench.main.js:34:398)
    at b.doValidateMoveCopy (file:///usr/share/code/resources/app/out/vs/workbench/workbench.main.js:3316:783)
    at b.<anonymous> (file:///usr/share/code/resources/app/out/vs/workbench/workbench.main.js:3315:395)
    at Generator.next (<anonymous>)
    at file:///usr/share/code/resources/app/out/vs/workbench/workbench.main.js:34:621
    at new Promise (<anonymous>)
    at n (file:///usr/share/code/resources/app/out/vs/workbench/workbench.main.js:34:398)
    at b.doMoveCopy (file:///usr/share/code/resources/app/out/vs/workbench/workbench.main.js:3315:320)
    at b.<anonymous> (file:///usr/share/code/resources/app/out/vs/workbench/workbench.main.js:3314:783)
    at Generator.next (<anonymous>)
    at r (file:///usr/share/code/resources/app/out/vs/workbench/workbench.main.js:34:454)
    at process._tickCallback (internal/process/next_tick.js:68:7)
[2019-07-23 10:15:07.084] [renderer1] [error] Unable to move/copy when source path is equal or parent of target path: Error: Unable to move/copy when source path is equal or parent of target path
    at b.<anonymous> (file:///usr/share/code/resources/app/out/vs/workbench/workbench.main.js:3316:930)
    at Generator.next (<anonymous>)
    at file:///usr/share/code/resources/app/out/vs/workbench/workbench.main.js:34:621
    at new Promise (<anonymous>)
    at n (file:///usr/share/code/resources/app/out/vs/workbench/workbench.main.js:34:398)
    at b.doValidateMoveCopy (file:///usr/share/code/resources/app/out/vs/workbench/workbench.main.js:3316:783)
    at b.<anonymous> (file:///usr/share/code/resources/app/out/vs/workbench/workbench.main.js:3315:395)
    at Generator.next (<anonymous>)
    at file:///usr/share/code/resources/app/out/vs/workbench/workbench.main.js:34:621
    at new Promise (<anonymous>)
    at n (file:///usr/share/code/resources/app/out/vs/workbench/workbench.main.js:34:398)
    at b.doMoveCopy (file:///usr/share/code/resources/app/out/vs/workbench/workbench.main.js:3315:320)
    at b.<anonymous> (file:///usr/share/code/resources/app/out/vs/workbench/workbench.main.js:3314:783)
    at Generator.next (<anonymous>)
    at r (file:///usr/share/code/resources/app/out/vs/workbench/workbench.main.js:34:454)
    at process._tickCallback (internal/process/next_tick.js:68:7)
[2019-07-23 10:16:10.332] [renderer1] [error] Unable to move/copy when source path is equal or parent of target path: Error: Unable to move/copy when source path is equal or parent of target path
    at b.<anonymous> (file:///usr/share/code/resources/app/out/vs/workbench/workbench.main.js:3316:930)
    at Generator.next (<anonymous>)
    at file:///usr/share/code/resources/app/out/vs/workbench/workbench.main.js:34:621
    at new Promise (<anonymous>)
    at n (file:///usr/share/code/resources/app/out/vs/workbench/workbench.main.js:34:398)
    at b.doValidateMoveCopy (file:///usr/share/code/resources/app/out/vs/workbench/workbench.main.js:3316:783)
    at b.<anonymous> (file:///usr/share/code/resources/app/out/vs/workbench/workbench.main.js:3315:395)
    at Generator.next (<anonymous>)
    at file:///usr/share/code/resources/app/out/vs/workbench/workbench.main.js:34:621
    at new Promise (<anonymous>)
    at n (file:///usr/share/code/resources/app/out/vs/workbench/workbench.main.js:34:398)
    at b.doMoveCopy (file:///usr/share/code/resources/app/out/vs/workbench/workbench.main.js:3315:320)
    at b.<anonymous> (file:///usr/share/code/resources/app/out/vs/workbench/workbench.main.js:3314:783)
    at Generator.next (<anonymous>)
    at r (file:///usr/share/code/resources/app/out/vs/workbench/workbench.main.js:34:454)
    at process._tickCallback (internal/process/next_tick.js:68:7)
[2019-07-23 10:57:36.091] [renderer1] [error] Unable to move/copy when source path is equal or parent of target path: Error: Unable to move/copy when source path is equal or parent of target path
    at b.<anonymous> (file:///usr/share/code/resources/app/out/vs/workbench/workbench.main.js:3316:930)
    at Generator.next (<anonymous>)
    at file:///usr/share/code/resources/app/out/vs/workbench/workbench.main.js:34:621
    at new Promise (<anonymous>)
    at n (file:///usr/share/code/resources/app/out/vs/workbench/workbench.main.js:34:398)
    at b.doValidateMoveCopy (file:///usr/share/code/resources/app/out/vs/workbench/workbench.main.js:3316:783)
    at b.<anonymous> (file:///usr/share/code/resources/app/out/vs/workbench/workbench.main.js:3315:395)
    at Generator.next (<anonymous>)
    at file:///usr/share/code/resources/app/out/vs/workbench/workbench.main.js:34:621
    at new Promise (<anonymous>)
    at n (file:///usr/share/code/resources/app/out/vs/workbench/workbench.main.js:34:398)
    at b.doMoveCopy (file:///usr/share/code/resources/app/out/vs/workbench/workbench.main.js:3315:320)
    at b.<anonymous> (file:///usr/share/code/resources/app/out/vs/workbench/workbench.main.js:3314:783)
    at Generator.next (<anonymous>)
    at r (file:///usr/share/code/resources/app/out/vs/workbench/workbench.main.js:34:454)
    at process._tickCallback (internal/process/next_tick.js:68:7)
[2019-07-23 11:26:43.079] [renderer1] [error] Unable to move/copy when source path is equal or parent of target path: Error: Unable to move/copy when source path is equal or parent of target path
    at b.<anonymous> (file:///usr/share/code/resources/app/out/vs/workbench/workbench.main.js:3316:930)
    at Generator.next (<anonymous>)
    at file:///usr/share/code/resources/app/out/vs/workbench/workbench.main.js:34:621
    at new Promise (<anonymous>)
    at n (file:///usr/share/code/resources/app/out/vs/workbench/workbench.main.js:34:398)
    at b.doValidateMoveCopy (file:///usr/share/code/resources/app/out/vs/workbench/workbench.main.js:3316:783)
    at b.<anonymous> (file:///usr/share/code/resources/app/out/vs/workbench/workbench.main.js:3315:395)
    at Generator.next (<anonymous>)
    at file:///usr/share/code/resources/app/out/vs/workbench/workbench.main.js:34:621
    at new Promise (<anonymous>)
    at n (file:///usr/share/code/resources/app/out/vs/workbench/workbench.main.js:34:398)
    at b.doMoveCopy (file:///usr/share/code/resources/app/out/vs/workbench/workbench.main.js:3315:320)
    at b.<anonymous> (file:///usr/share/code/resources/app/out/vs/workbench/workbench.main.js:3314:783)
    at Generator.next (<anonymous>)
    at r (file:///usr/share/code/resources/app/out/vs/workbench/workbench.main.js:34:454)
    at process._tickCallback (internal/process/next_tick.js:68:7)
[2019-07-23 11:39:16.978] [renderer1] [error] Unable to move/copy when source path is equal or parent of target path: Error: Unable to move/copy when source path is equal or parent of target path
    at b.<anonymous> (file:///usr/share/code/resources/app/out/vs/workbench/workbench.main.js:3316:930)
    at Generator.next (<anonymous>)
    at file:///usr/share/code/resources/app/out/vs/workbench/workbench.main.js:34:621
    at new Promise (<anonymous>)
    at n (file:///usr/share/code/resources/app/out/vs/workbench/workbench.main.js:34:398)
    at b.doValidateMoveCopy (file:///usr/share/code/resources/app/out/vs/workbench/workbench.main.js:3316:783)
    at b.<anonymous> (file:///usr/share/code/resources/app/out/vs/workbench/workbench.main.js:3315:395)
    at Generator.next (<anonymous>)
    at file:///usr/share/code/resources/app/out/vs/workbench/workbench.main.js:34:621
    at new Promise (<anonymous>)
    at n (file:///usr/share/code/resources/app/out/vs/workbench/workbench.main.js:34:398)
    at b.doMoveCopy (file:///usr/share/code/resources/app/out/vs/workbench/workbench.main.js:3315:320)
    at b.<anonymous> (file:///usr/share/code/resources/app/out/vs/workbench/workbench.main.js:3314:783)
    at Generator.next (<anonymous>)
    at r (file:///usr/share/code/resources/app/out/vs/workbench/workbench.main.js:34:454)
    at process._tickCallback (internal/process/next_tick.js:68:7)
[2019-07-23 13:11:41.480] [renderer1] [error] TypeScript Server Error (3.4.5)
Debug Failure. Did not expect JsxSelfClosingElement to have an Identifier in its trivia
Error: Debug Failure. Did not expect JsxSelfClosingElement to have an Identifier in its trivia
    at addSyntheticNodes (tsserver.js:119951:30)
    at createChildren (tsserver.js:119940:9)
    at NodeObject.getChildren (tsserver.js:119884:56)
    at getTokenAtPositionWorker (tsserver.js:95746:43)
    at Object.getTokenAtPosition (tsserver.js:95738:16)
    at getInfo (tsserver.js:116586:28)
    at Object.getAvailableActions (tsserver.js:116570:28)
    at tsserver.js:111645:128
    at getIterator (tsserver.js:625:23)
    at Object.flatMapIterator (tsserver.js:608:27)
    at Object.getApplicableRefactors (tsserver.js:111644:36)
    at Object.getApplicableRefactors (tsserver.js:121493:32)
    at IOSession.Session.getApplicableRefactors (tsserver.js:130242:53)
    at Session.handlers.ts.createMapFromTemplate._a.(anonymous function) (tsserver.js:129066:61)
    at tsserver.js:130466:88
    at IOSession.Session.executeWithRequestId (tsserver.js:130457:28)
    at IOSession.Session.executeCommand (tsserver.js:130466:33)
    at IOSession.Session.onMessage (tsserver.js:130488:35)
    at Interface.<anonymous> (tsserver.js:131789:27)
    at Interface.emit (events.js:182:13)
    at Interface._onLine (readline.js:290:10)
    at Interface._normalWrite (readline.js:433:12)
    at Socket.ondata (readline.js:149:10)
    at Socket.emit (events.js:182:13)
    at addChunk (_stream_readable.js:279:12)
    at readableAddChunk (_stream_readable.js:264:11)
    at Socket.Readable.push (_stream_readable.js:219:10)
    at Pipe.onread (net.js:636:20): Error: TypeScript Server Error (3.4.5)
Debug Failure. Did not expect JsxSelfClosingElement to have an Identifier in its trivia
Error: Debug Failure. Did not expect JsxSelfClosingElement to have an Identifier in its trivia
    at addSyntheticNodes (tsserver.js:119951:30)
    at createChildren (tsserver.js:119940:9)
    at NodeObject.getChildren (tsserver.js:119884:56)
    at getTokenAtPositionWorker (tsserver.js:95746:43)
    at Object.getTokenAtPosition (tsserver.js:95738:16)
    at getInfo (tsserver.js:116586:28)
    at Object.getAvailableActions (tsserver.js:116570:28)
    at tsserver.js:111645:128
    at getIterator (tsserver.js:625:23)
    at Object.flatMapIterator (tsserver.js:608:27)
    at Object.getApplicableRefactors (tsserver.js:111644:36)
    at Object.getApplicableRefactors (tsserver.js:121493:32)
    at IOSession.Session.getApplicableRefactors (tsserver.js:130242:53)
    at Session.handlers.ts.createMapFromTemplate._a.(anonymous function) (tsserver.js:129066:61)
    at tsserver.js:130466:88
    at IOSession.Session.executeWithRequestId (tsserver.js:130457:28)
    at IOSession.Session.executeCommand (tsserver.js:130466:33)
    at IOSession.Session.onMessage (tsserver.js:130488:35)
    at Interface.<anonymous> (tsserver.js:131789:27)
    at Interface.emit (events.js:182:13)
    at Interface._onLine (readline.js:290:10)
    at Interface._normalWrite (readline.js:433:12)
    at Socket.ondata (readline.js:149:10)
    at Socket.emit (events.js:182:13)
    at addChunk (_stream_readable.js:279:12)
    at readableAddChunk (_stream_readable.js:264:11)
    at Socket.Readable.push (_stream_readable.js:219:10)
    at Pipe.onread (net.js:636:20)
    at Function.create (/usr/share/code/resources/app/extensions/typescript-language-features/dist/extension.js:1:176267)
    at v.dispatchResponse (/usr/share/code/resources/app/extensions/typescript-language-features/dist/extension.js:1:181635)
    at v.dispatchMessage (/usr/share/code/resources/app/extensions/typescript-language-features/dist/extension.js:1:180387)
    at constructor._reader.onData.e (/usr/share/code/resources/app/extensions/typescript-language-features/dist/extension.js:1:179743)
    at u.fire (/usr/share/code/resources/app/out/vs/workbench/services/extensions/node/extensionHostProcess.js:47:720)
    at t.Reader.onLengthData (/usr/share/code/resources/app/extensions/typescript-language-features/dist/extension.js:1:185616)
    at Socket.t.Reader.constructor.e.on.e (/usr/share/code/resources/app/extensions/typescript-language-features/dist/extension.js:1:185264)
    at Socket.emit (events.js:182:13)
    at addChunk (_stream_readable.js:279:12)
    at readableAddChunk (_stream_readable.js:264:11)
    at Socket.Readable.push (_stream_readable.js:219:10)
    at Pipe.onread (net.js:636:20)
